<?xml version="1.0" encoding="UTF-8"?>
<testsuite xmlns:xsi="http://www.w3.org/2001/XMLSchema-instance" xsi:noNamespaceSchemaLocation="https://maven.apache.org/surefire/maven-surefire-plugin/xsd/surefire-test-report.xsd" name="com.expense.controller.ExpenseControllerTest" time="0.275" tests="2" errors="0" skipped="0" failures="1">
  <properties>
[...]
</properties>
  <testcase name="testDeleteExpense" classname="com.expense.controller.ExpenseControllerTest" time="0.139">
    <failure message="Model attribute &apos;expeseList&apos;&#10;Expected: a collection with size &lt;1&gt;&#10;     but: collection size was &lt;2&gt;" type="java.lang.AssertionError"><![CDATA[java.lang.AssertionError: 
Model attribute 'expeseList'
Expected: a collection with size <1>
     but: collection size was <2>
	at com.expense.controller.ExpenseControllerTest.testDeleteExpense(ExpenseControllerTest.java:73)
]]></failure>
    <system-out><![CDATA[2024-07-15 21:29:25.043  INFO 41714 --- [           main] .b.t.c.SpringBootTestContextBootstrapper : Neither @ContextConfiguration nor @ContextHierarchy found for test class [com.expense.controller.ExpenseControllerTest], using SpringBootContextLoader
2024-07-15 21:29:25.044  INFO 41714 --- [           main] o.s.t.c.support.AbstractContextLoader    : Could not detect default resource locations for test class [com.expense.controller.ExpenseControllerTest]: no resource found for suffixes {-context.xml, Context.groovy}.
2024-07-15 21:29:25.051  INFO 41714 --- [           main] .b.t.c.SpringBootTestContextBootstrapper : Loaded default TestExecutionListener class names from location [META-INF/spring.factories]: [org.springframework.boot.test.mock.mockito.MockitoTestExecutionListener, org.springframework.boot.test.mock.mockito.ResetMocksTestExecutionListener, org.springframework.boot.test.autoconfigure.restdocs.RestDocsTestExecutionListener, org.springframework.boot.test.autoconfigure.web.client.MockRestServiceServerResetTestExecutionListener, org.springframework.boot.test.autoconfigure.web.servlet.MockMvcPrintOnlyOnFailureTestExecutionListener, org.springframework.boot.test.autoconfigure.web.servlet.WebDriverTestExecutionListener, org.springframework.test.context.web.ServletTestExecutionListener, org.springframework.test.context.support.DirtiesContextBeforeModesTestExecutionListener, org.springframework.test.context.support.DependencyInjectionTestExecutionListener, org.springframework.test.context.support.DirtiesContextTestExecutionListener, org.springframework.test.context.transaction.TransactionalTestExecutionListener, org.springframework.test.context.jdbc.SqlScriptsTestExecutionListener, org.springframework.security.test.context.support.WithSecurityContextTestExecutionListener, org.springframework.security.test.context.support.ReactorContextTestExecutionListener]
2024-07-15 21:29:25.052  INFO 41714 --- [           main] .b.t.c.SpringBootTestContextBootstrapper : Using TestExecutionListeners: [org.springframework.test.context.web.ServletTestExecutionListener@1a6b21a9, org.springframework.test.context.support.DirtiesContextBeforeModesTestExecutionListener@3defc8e4, org.springframework.boot.test.mock.mockito.MockitoTestExecutionListener@1553b032, org.springframework.boot.test.autoconfigure.SpringBootDependencyInjectionTestExecutionListener@26b85fcf, org.springframework.test.context.support.DirtiesContextTestExecutionListener@659d54d8, org.springframework.test.context.transaction.TransactionalTestExecutionListener@26761867, org.springframework.test.context.jdbc.SqlScriptsTestExecutionListener@2e2ceebb, org.springframework.security.test.context.support.WithSecurityContextTestExecutionListener@4a8e9a96, org.springframework.security.test.context.support.ReactorContextTestExecutionListener@453a3c8b, org.springframework.boot.test.mock.mockito.ResetMocksTestExecutionListener@5319b16b, org.springframework.boot.test.autoconfigure.restdocs.RestDocsTestExecutionListener@1a89d485, org.springframework.boot.test.autoconfigure.web.client.MockRestServiceServerResetTestExecutionListener@24edb768, org.springframework.boot.test.autoconfigure.web.servlet.MockMvcPrintOnlyOnFailureTestExecutionListener@3027191a, org.springframework.boot.test.autoconfigure.web.servlet.WebDriverTestExecutionListener@2e2b749c]
2024-07-15 21:29:25.185  INFO 41714 --- [           main] c.e.controller.ExpenseControllerTest     : User  : User [id=null, username=spring, password=xxxxx, name=Uthkrusta, currency=rs, expenseList=[]]
2024-07-15 21:29:25.185  INFO 41714 --- [           main] c.e.controller.ExpenseControllerTest     : Expense : Expense [id=null,  date=2016-03-01, expenseHead=Taxi, amount=600000.0, currency=dolar, expenseCategory=xyz, isRecurring=1, isSelected=1, details=details, user=]
2024-07-15 21:29:25.185  INFO 41714 --- [           main] c.e.controller.ExpenseControllerTest     : Expense1 : Expense [id=null,  date=2015-01-07, expenseHead=Food, amount=900000.0, currency=rs, expenseCategory=abc, isRecurring=0, isSelected=0, details=detail, user=]
2024-07-15 21:29:25.192  INFO 41714 --- [           main] c.e.controller.ExpenseControllerTest     : User  : User [id=2, username=spring, password=xxxxx, name=Uthkrusta, currency=rs, expenseList=[Expense [id=1,  date=2016-03-01, expenseHead=Taxi, amount=600000.0, currency=dolar, expenseCategory=xyz, isRecurring=1, isSelected=1, details=details, user=], Expense [id=2,  date=2015-01-07, expenseHead=Food, amount=900000.0, currency=rs, expenseCategory=abc, isRecurring=0, isSelected=0, details=detail, user=]]]
2024-07-15 21:29:25.201  INFO 41714 --- [           main] c.expense.controller.ExpenseController   : in deleteExpense: 1
2024-07-15 21:29:25.202  INFO 41714 --- [           main] c.expense.controller.ExpenseController   : expenseId : 1
2024-07-15 21:29:25.202  INFO 41714 --- [           main] c.expense.controller.ExpenseController   : Debug delete
2024-07-15 21:29:25.223  INFO 41714 --- [           main] c.expense.controller.ExpenseController   : count: 0
2024-07-15 21:29:25.224  INFO 41714 --- [           main] c.expense.controller.ExpenseController   : deleted id: 1
2024-07-15 21:29:25.232  INFO 41714 --- [           main] c.expense.controller.ExpenseController   :  processing
2024-07-15 21:29:25.232  INFO 41714 --- [           main] c.expense.service.impl.UserServiceImpl   : principal: org.springframework.security.core.userdetails.User@ca9d020d: Username: spring; Password: [PROTECTED]; Enabled: true; AccountNonExpired: true; credentialsNonExpired: true; AccountNonLocked: true; Granted Authorities: ROLE_USER
2024-07-15 21:29:25.233  INFO 41714 --- [           main] c.expense.service.impl.UserServiceImpl   : current user: spring
2024-07-15 21:29:25.241  INFO 41714 --- [           main] c.expense.service.impl.UserServiceImpl   : returning user: User [id=2, username=spring, password=xxxxx, name=Uthkrusta, currency=rs, expenseList=[Expense [id=1,  date=2016-03-01, expenseHead=Taxi, amount=600000.0, currency=dolar, expenseCategory=xyz, isRecurring=1, isSelected=1, details=details, user=], Expense [id=2,  date=2015-01-07, expenseHead=Food, amount=900000.0, currency=rs, expenseCategory=abc, isRecurring=0, isSelected=0, details=detail, user=]]]
expenseList: 2
2024-07-15 21:29:25.244  INFO 41714 --- [           main] c.expense.controller.ExpenseController   : login successful: [Expense [id=1,  date=2016-03-01, expenseHead=Taxi, amount=600000.0, currency=dolar, expenseCategory=xyz, isRecurring=1, isSelected=1, details=details, user=], Expense [id=2,  date=2015-01-07, expenseHead=Food, amount=900000.0, currency=rs, expenseCategory=abc, isRecurring=0, isSelected=0, details=detail, user=]]

MockHttpServletRequest:
      HTTP Method = POST
      Request URI = /add-user
       Parameters = {name=[Test User], username=[testuser], password=[testuser], _csrf=[1560a5e2-07aa-4cd1-bbaf-b6cc374335dd]}
          Headers = [Content-Type:"application/x-www-form-urlencoded;charset=UTF-8", Accept:"application/x-www-form-urlencoded"]
             Body = null
    Session Attrs = {User=User [id=null, username=null, password=null, name=null, currency=null, expenseList=[]]}

Handler:
             Type = com.expense.controller.UserController
           Method = public java.lang.String com.expense.controller.UserController.submit(com.expense.entity.User,org.springframework.validation.BindingResult,org.springframework.ui.Model)

Async:
    Async started = false
     Async result = null

Resolved Exception:
             Type = null

ModelAndView:
        View name = register.jsp
             View = null
        Attribute = User
            value = User [id=null, username=null, password=null, name=null, currency=null, expenseList=[]]
           errors = []
        Attribute = SuccessText
            value = User is registered successfully.

FlashMap:
       Attributes = null

MockHttpServletResponse:
           Status = 200
    Error message = null
          Headers = [Content-Language:"en", X-Content-Type-Options:"nosniff", X-XSS-Protection:"1; mode=block", Cache-Control:"no-cache, no-store, max-age=0, must-revalidate", Pragma:"no-cache", Expires:"0", X-Frame-Options:"DENY"]
     Content type = null
             Body = 
    Forwarded URL = register.jsp
   Redirected URL = null
          Cookies = []

MockHttpServletRequest:
      HTTP Method = GET
      Request URI = /delete/1
       Parameters = {}
          Headers = []
             Body = null
    Session Attrs = {org.springframework.security.web.csrf.HttpSessionCsrfTokenRepository.CSRF_TOKEN=org.springframework.security.web.csrf.DefaultCsrfToken@6afa2843, org.springframework.web.servlet.support.SessionFlashMapManager.FLASH_MAPS=[FlashMap [attributes={msg=Expense List is deleted successfully.}, targetRequestPath=/expense-list, targetRequestParams={}]], SPRING_SECURITY_CONTEXT=org.springframework.security.core.context.SecurityContextImpl@c609baa6: Authentication: org.springframework.security.authentication.UsernamePasswordAuthenticationToken@c609baa6: Principal: org.springframework.security.core.userdetails.User@ca9d020d: Username: spring; Password: [PROTECTED]; Enabled: true; AccountNonExpired: true; credentialsNonExpired: true; AccountNonLocked: true; Granted Authorities: ROLE_USER; Credentials: [PROTECTED]; Authenticated: true; Details: null; Granted Authorities: ROLE_USER}

Handler:
             Type = com.expense.controller.ExpenseController
           Method = public java.lang.String com.expense.controller.ExpenseController.deleteExpense(java.lang.Long,org.springframework.web.servlet.mvc.support.RedirectAttributes)

Async:
    Async started = false
     Async result = null

Resolved Exception:
             Type = null

ModelAndView:
        View name = redirect:/expense-list
             View = null
            Model = null

FlashMap:
        Attribute = msg
            value = Expense List is deleted successfully.

MockHttpServletResponse:
           Status = 302
    Error message = null
          Headers = [Content-Language:"en", X-Content-Type-Options:"nosniff", X-XSS-Protection:"1; mode=block", Cache-Control:"no-cache, no-store, max-age=0, must-revalidate", Pragma:"no-cache", Expires:"0", X-Frame-Options:"DENY", Location:"/expense-list"]
     Content type = null
             Body = 
    Forwarded URL = null
   Redirected URL = /expense-list
          Cookies = []

MockHttpServletRequest:
      HTTP Method = GET
      Request URI = /expense-list
       Parameters = {}
          Headers = []
             Body = null
    Session Attrs = {org.springframework.security.web.csrf.HttpSessionCsrfTokenRepository.CSRF_TOKEN=org.springframework.security.web.csrf.DefaultCsrfToken@42f2515d, SPRING_SECURITY_CONTEXT=org.springframework.security.core.context.SecurityContextImpl@c609baa6: Authentication: org.springframework.security.authentication.UsernamePasswordAuthenticationToken@c609baa6: Principal: org.springframework.security.core.userdetails.User@ca9d020d: Username: spring; Password: [PROTECTED]; Enabled: true; AccountNonExpired: true; credentialsNonExpired: true; AccountNonLocked: true; Granted Authorities: ROLE_USER; Credentials: [PROTECTED]; Authenticated: true; Details: null; Granted Authorities: ROLE_USER}

Handler:
             Type = com.expense.controller.ExpenseController
           Method = public java.lang.String com.expense.controller.ExpenseController.getExpenseList(org.springframework.ui.Model)

Async:
    Async started = false
     Async result = null

Resolved Exception:
             Type = null

ModelAndView:
        View name = expenseList.jsp
             View = null
        Attribute = user
            value = User [id=2, username=spring, password=xxxxx, name=Uthkrusta, currency=rs, expenseList=[Expense [id=1,  date=2016-03-01, expenseHead=Taxi, amount=600000.0, currency=dolar, expenseCategory=xyz, isRecurring=1, isSelected=1, details=details, user=], Expense [id=2,  date=2015-01-07, expenseHead=Food, amount=900000.0, currency=rs, expenseCategory=abc, isRecurring=0, isSelected=0, details=detail, user=]]]
           errors = []
        Attribute = expeseList
            value = [Expense [id=1,  date=2016-03-01, expenseHead=Taxi, amount=600000.0, currency=dolar, expenseCategory=xyz, isRecurring=1, isSelected=1, details=details, user=], Expense [id=2,  date=2015-01-07, expenseHead=Food, amount=900000.0, currency=rs, expenseCategory=abc, isRecurring=0, isSelected=0, details=detail, user=]]

FlashMap:
       Attributes = null

MockHttpServletResponse:
           Status = 200
    Error message = null
          Headers = [Content-Language:"en", X-Content-Type-Options:"nosniff", X-XSS-Protection:"1; mode=block", Cache-Control:"no-cache, no-store, max-age=0, must-revalidate", Pragma:"no-cache", Expires:"0", X-Frame-Options:"DENY"]
     Content type = null
             Body = 
    Forwarded URL = expenseList.jsp
   Redirected URL = null
          Cookies = []
]]></system-out>
  </testcase>
  <testcase name="testGetExpense" classname="com.expense.controller.ExpenseControllerTest" time="0.052"/>
</testsuite>